I1018 07:46:51.310816   536 caffe.cpp:155] Finetuning from models/VGGNet/TT100K/SSD_300x300/VGG_TT100K_SSD_300x300_iter_400000.caffemodel
I1018 07:46:51.603868   536 caffe.cpp:251] Starting Optimization
I1018 07:46:51.603902   536 solver.cpp:294] Solving VGG_TT100K_SSD_300x300_train
I1018 07:46:51.603924   536 solver.cpp:295] Learning Rate Policy: multistep
I1018 07:46:51.810986   536 solver.cpp:332] Iteration 0, loss = 1.99847
I1018 07:46:51.811106   536 solver.cpp:433] Iteration 0, Testing net (#0)
I1018 07:56:12.144702   536 solver.cpp:540] class1: 0.890144
I1018 07:56:12.146682   536 solver.cpp:540] class2: 0.8738
I1018 07:56:12.149351   536 solver.cpp:540] class3: 0.848247
I1018 07:56:12.152518   536 solver.cpp:540] class4: 0.885535
I1018 07:56:12.152899   536 solver.cpp:540] class5: 0.969982
I1018 07:56:12.153772   536 solver.cpp:540] class6: 0.877935
I1018 07:56:12.154384   536 solver.cpp:540] class7: 0.855057
I1018 07:56:12.154742   536 solver.cpp:540] class8: 0.970202
I1018 07:56:12.156975   536 solver.cpp:540] class9: 0.800012
I1018 07:56:12.157838   536 solver.cpp:540] class10: 0.851737
I1018 07:56:12.160275   536 solver.cpp:540] class11: 0.623431
I1018 07:56:12.161499   536 solver.cpp:540] class12: 0.541473
I1018 07:56:12.163192   536 solver.cpp:540] class13: 0.696826
I1018 07:56:12.164328   536 solver.cpp:540] class14: 0.735949
I1018 07:56:12.164801   536 solver.cpp:540] class15: 0.878022
I1018 07:56:12.166062   536 solver.cpp:540] class16: 0.761616
I1018 07:56:12.169116   536 solver.cpp:540] class17: 0.657266
I1018 07:56:12.171540   536 solver.cpp:540] class18: 0.746919
I1018 07:56:12.173094   536 solver.cpp:540] class19: 0.661506
I1018 07:56:12.174386   536 solver.cpp:540] class20: 0.476255
I1018 07:56:12.175020   536 solver.cpp:540] class21: 0.74672
I1018 07:56:12.180550   536 solver.cpp:540] class22: 0.84061
I1018 07:56:12.181102   536 solver.cpp:540] class23: 0.963833
I1018 07:56:12.181850   536 solver.cpp:540] class24: 0.851511
I1018 07:56:12.184188   536 solver.cpp:540] class25: 0.9027
I1018 07:56:12.184834   536 solver.cpp:540] class26: 0.789371
I1018 07:56:12.185058   536 solver.cpp:540] class27: 0.612192
I1018 07:56:12.185997   536 solver.cpp:540] class28: 0.882052
I1018 07:56:12.192613   536 solver.cpp:540] class29: 0.834686
I1018 07:56:12.196696   536 solver.cpp:540] class30: 0.691101
I1018 07:56:12.196943   536 solver.cpp:540] class31: 0.788985
I1018 07:56:12.198205   536 solver.cpp:540] class32: 0.634827
I1018 07:56:12.199414   536 solver.cpp:540] class33: 0.769948
I1018 07:56:12.200563   536 solver.cpp:540] class34: 0.876362
I1018 07:56:12.201292   536 solver.cpp:540] class35: 0.961648
I1018 07:56:12.201548   536 solver.cpp:540] class36: 0.823155
I1018 07:56:12.202535   536 solver.cpp:540] class37: 0.834112
I1018 07:56:12.202913   536 solver.cpp:540] class38: 0.961223
I1018 07:56:12.203526   536 solver.cpp:540] class39: 0.897547
I1018 07:56:12.204175   536 solver.cpp:540] class40: 0.840413
I1018 07:56:12.204860   536 solver.cpp:540] class41: 0.885045
I1018 07:56:12.205315   536 solver.cpp:540] class42: 0.896603
I1018 07:56:12.205574   536 solver.cpp:540] class43: 0.814996
I1018 07:56:12.206746   536 solver.cpp:540] class44: 0.878344
I1018 07:56:12.207309   536 solver.cpp:540] class45: 0.887312
I1018 07:56:12.209983   536 solver.cpp:540] class46: 0.767225
I1018 07:56:12.211320   536 solver.cpp:540] class47: 0.839921
I1018 07:56:12.211887   536 solver.cpp:540] class48: 0.879194
I1018 07:56:12.212354   536 solver.cpp:540] class49: 0.892206
I1018 07:56:12.213207   536 solver.cpp:540] class50: 0.883329
I1018 07:56:12.215230   536 solver.cpp:540] class51: 0.825485
I1018 07:56:12.223831   536 solver.cpp:540] class52: 0.840184
I1018 07:56:12.227646   536 solver.cpp:540] class53: 0.766099
I1018 07:56:12.229473   536 solver.cpp:540] class54: 0.855347
I1018 07:56:12.231015   536 solver.cpp:540] class55: 0.866471
I1018 07:56:12.231374   536 solver.cpp:540] class56: 0.903151
I1018 07:56:12.231724   536 solver.cpp:540] class57: 0.88488
I1018 07:56:12.235144   536 solver.cpp:540] class58: 0.868218
I1018 07:56:12.236022   536 solver.cpp:540] class59: 0.969913
I1018 07:56:12.236500   536 solver.cpp:540] class60: 0.905403
I1018 07:56:12.236554   536 solver.cpp:546]     Test net output #0: detection_eval = 0.82357
